  main.cpp
c:\github\gpup\include\learnopengl\shader_m.h(44): warning C4101: 'e' :참조되지 않은 지역 변수입니다.
c:\github\gpup\include\learnopengl\mesh.h(84): warning C4267: '인수': 'size_t'에서 'GLsizei'(으)로 변환하면서 데이터가 손실될 수 있습니다.
c:\github\learning-graphics\gpuprogramming\gpup\main.cpp(97): warning C4244: '초기화 중': 'double'에서 'float'(으)로 변환하면서 데이터가 손실될 수 있습니다.
c:\github\learning-graphics\gpuprogramming\gpup\main.cpp(171): warning C4244: '=': 'double'에서 'float'(으)로 변환하면서 데이터가 손실될 수 있습니다.
c:\github\learning-graphics\gpuprogramming\gpup\main.cpp(172): warning C4244: '=': 'double'에서 'float'(으)로 변환하면서 데이터가 손실될 수 있습니다.
c:\github\learning-graphics\gpuprogramming\gpup\main.cpp(176): warning C4244: '초기화 중': 'double'에서 'float'(으)로 변환하면서 데이터가 손실될 수 있습니다.
c:\github\learning-graphics\gpuprogramming\gpup\main.cpp(177): warning C4244: '초기화 중': 'double'에서 'float'(으)로 변환하면서 데이터가 손실될 수 있습니다.
c:\github\learning-graphics\gpuprogramming\gpup\main.cpp(179): warning C4244: '=': 'double'에서 'float'(으)로 변환하면서 데이터가 손실될 수 있습니다.
c:\github\learning-graphics\gpuprogramming\gpup\main.cpp(180): warning C4244: '=': 'double'에서 'float'(으)로 변환하면서 데이터가 손실될 수 있습니다.
c:\github\learning-graphics\gpuprogramming\gpup\main.cpp(189): warning C4244: '인수': 'double'에서 'float'(으)로 변환하면서 데이터가 손실될 수 있습니다.
  stb_image.cpp
  코드를 생성하고 있습니다...
  glad.c
glfw3.lib(context.obj) : warning LNK4099: 'glfw.pdb' PDB를 'glfw3.lib(context.obj)' 또는 'C:\GitHub\learning-graphics\GPUProgramming\GPUP\x64\Debug\glfw.pdb'에서 찾을 수 없습니다. 디버그 정보가 없는 것처럼 개체를 링크합니다.
glfw3.lib(init.obj) : warning LNK4099: 'glfw.pdb' PDB를 'glfw3.lib(init.obj)' 또는 'C:\GitHub\learning-graphics\GPUProgramming\GPUP\x64\Debug\glfw.pdb'에서 찾을 수 없습니다. 디버그 정보가 없는 것처럼 개체를 링크합니다.
glfw3.lib(input.obj) : warning LNK4099: 'glfw.pdb' PDB를 'glfw3.lib(input.obj)' 또는 'C:\GitHub\learning-graphics\GPUProgramming\GPUP\x64\Debug\glfw.pdb'에서 찾을 수 없습니다. 디버그 정보가 없는 것처럼 개체를 링크합니다.
glfw3.lib(monitor.obj) : warning LNK4099: 'glfw.pdb' PDB를 'glfw3.lib(monitor.obj)' 또는 'C:\GitHub\learning-graphics\GPUProgramming\GPUP\x64\Debug\glfw.pdb'에서 찾을 수 없습니다. 디버그 정보가 없는 것처럼 개체를 링크합니다.
glfw3.lib(vulkan.obj) : warning LNK4099: 'glfw.pdb' PDB를 'glfw3.lib(vulkan.obj)' 또는 'C:\GitHub\learning-graphics\GPUProgramming\GPUP\x64\Debug\glfw.pdb'에서 찾을 수 없습니다. 디버그 정보가 없는 것처럼 개체를 링크합니다.
glfw3.lib(window.obj) : warning LNK4099: 'glfw.pdb' PDB를 'glfw3.lib(window.obj)' 또는 'C:\GitHub\learning-graphics\GPUProgramming\GPUP\x64\Debug\glfw.pdb'에서 찾을 수 없습니다. 디버그 정보가 없는 것처럼 개체를 링크합니다.
glfw3.lib(win32_init.obj) : warning LNK4099: 'glfw.pdb' PDB를 'glfw3.lib(win32_init.obj)' 또는 'C:\GitHub\learning-graphics\GPUProgramming\GPUP\x64\Debug\glfw.pdb'에서 찾을 수 없습니다. 디버그 정보가 없는 것처럼 개체를 링크합니다.
glfw3.lib(win32_joystick.obj) : warning LNK4099: 'glfw.pdb' PDB를 'glfw3.lib(win32_joystick.obj)' 또는 'C:\GitHub\learning-graphics\GPUProgramming\GPUP\x64\Debug\glfw.pdb'에서 찾을 수 없습니다. 디버그 정보가 없는 것처럼 개체를 링크합니다.
glfw3.lib(win32_monitor.obj) : warning LNK4099: 'glfw.pdb' PDB를 'glfw3.lib(win32_monitor.obj)' 또는 'C:\GitHub\learning-graphics\GPUProgramming\GPUP\x64\Debug\glfw.pdb'에서 찾을 수 없습니다. 디버그 정보가 없는 것처럼 개체를 링크합니다.
glfw3.lib(win32_time.obj) : warning LNK4099: 'glfw.pdb' PDB를 'glfw3.lib(win32_time.obj)' 또는 'C:\GitHub\learning-graphics\GPUProgramming\GPUP\x64\Debug\glfw.pdb'에서 찾을 수 없습니다. 디버그 정보가 없는 것처럼 개체를 링크합니다.
glfw3.lib(win32_thread.obj) : warning LNK4099: 'glfw.pdb' PDB를 'glfw3.lib(win32_thread.obj)' 또는 'C:\GitHub\learning-graphics\GPUProgramming\GPUP\x64\Debug\glfw.pdb'에서 찾을 수 없습니다. 디버그 정보가 없는 것처럼 개체를 링크합니다.
glfw3.lib(win32_window.obj) : warning LNK4099: 'glfw.pdb' PDB를 'glfw3.lib(win32_window.obj)' 또는 'C:\GitHub\learning-graphics\GPUProgramming\GPUP\x64\Debug\glfw.pdb'에서 찾을 수 없습니다. 디버그 정보가 없는 것처럼 개체를 링크합니다.
glfw3.lib(wgl_context.obj) : warning LNK4099: 'glfw.pdb' PDB를 'glfw3.lib(wgl_context.obj)' 또는 'C:\GitHub\learning-graphics\GPUProgramming\GPUP\x64\Debug\glfw.pdb'에서 찾을 수 없습니다. 디버그 정보가 없는 것처럼 개체를 링크합니다.
glfw3.lib(egl_context.obj) : warning LNK4099: 'glfw.pdb' PDB를 'glfw3.lib(egl_context.obj)' 또는 'C:\GitHub\learning-graphics\GPUProgramming\GPUP\x64\Debug\glfw.pdb'에서 찾을 수 없습니다. 디버그 정보가 없는 것처럼 개체를 링크합니다.
glfw3.lib(osmesa_context.obj) : warning LNK4099: 'glfw.pdb' PDB를 'glfw3.lib(osmesa_context.obj)' 또는 'C:\GitHub\learning-graphics\GPUProgramming\GPUP\x64\Debug\glfw.pdb'에서 찾을 수 없습니다. 디버그 정보가 없는 것처럼 개체를 링크합니다.
  GPUP.vcxproj -> C:\GitHub\learning-graphics\GPUProgramming\GPUP\x64\Debug\GPUP.exe
